<?xml version="1.0" encoding="utf-8"?><testsuites name="pytest tests"><testsuite name="pytest" errors="0" failures="0" skipped="0" tests="26" time="105.263" timestamp="2026-02-19T20:45:03.272523-05:00" hostname="Likhitha"><properties>
[...]
</properties><testcase classname="tests.test_property_based.TestVRPropertyBased" name="test_vr_always_bounded" time="4.720" /><testcase classname="tests.test_property_based.TestVRPropertyBased" name="test_higher_scores_increase_vr" time="5.314" /><testcase classname="tests.test_property_based.TestVRPropertyBased" name="test_talent_concentration_penalty" time="5.329" /><testcase classname="tests.test_property_based.TestVRPropertyBased" name="test_uniform_dimensions_no_cv_penalty" time="4.361" /><testcase classname="tests.test_property_based.TestVRPropertyBased" name="test_deterministic" time="8.914" /><testcase classname="tests.test_property_based.TestEvidenceMapperPropertyBased" name="test_all_dimensions_returned" time="12.839" /><testcase classname="tests.test_property_based.TestEvidenceMapperPropertyBased" name="test_missing_evidence_defaults_to_50" time="2.826" /><testcase classname="tests.test_property_based.TestEvidenceMapperPropertyBased" name="test_more_evidence_higher_confidence" time="10.646" /><testcase classname="tests.test_property_based.TestSynergyPropertyBased" name="test_synergy_always_bounded" time="2.247" /><testcase classname="tests.test_property_based.TestSynergyPropertyBased" name="test_synergy_zero_when_either_is_zero" time="5.176" /><testcase classname="tests.test_property_based.TestSynergyPropertyBased" name="test_synergy_deterministic" time="4.191" /><testcase classname="tests.test_property_based.TestConfidencePropertyBased" name="test_ci_always_valid_range" time="4.042" /><testcase classname="tests.test_property_based.TestConfidencePropertyBased" name="test_more_evidence_higher_reliability" time="2.614" /><testcase classname="tests.test_property_based.TestConfidencePropertyBased" name="test_confidence_deterministic" time="2.921" /><testcase classname="tests.test_property_based.TestOrgAIRPropertyBased" name="test_orgair_always_bounded" time="4.594" /><testcase classname="tests.test_property_based.TestOrgAIRPropertyBased" name="test_orgair_monotone_with_vr" time="6.007" /><testcase classname="tests.test_property_based.TestOrgAIRPropertyBased" name="test_orgair_deterministic" time="6.207" /><testcase classname="tests.test_evidence_mapper.TestEvidenceMapper" name="test_all_seven_dimensions_returned" time="0.077" /><testcase classname="tests.test_evidence_mapper.TestEvidenceMapper" name="test_missing_evidence_defaults_to_50" time="0.062" /><testcase classname="tests.test_evidence_mapper.TestEvidenceMapper" name="test_weighted_contribution" time="0.005" /><testcase classname="tests.test_evidence_mapper.TestEvidenceMapper" name="test_coverage_report" time="0.002" /><testcase classname="tests.test_evidence_mapper.TestRubricScorer" name="test_talent_level_5" time="0.002" /><testcase classname="tests.test_evidence_mapper.TestRubricScorer" name="test_leadership_level_3" time="0.002" /><testcase classname="tests.test_evidence_mapper.TestRubricScorer" name="test_score_all_dimensions" time="0.002" /><testcase classname="tests.test_evidence_mapper.TestCS2Integration" name="test_convert_cs2_signal_to_evidence_score" time="0.123" /><testcase classname="tests.test_evidence_mapper.TestCS2Integration" name="test_full_pipeline_example" time="0.189" /></testsuite></testsuites>